<?xml version="1.0" encoding="UTF-8"?>
<testng-results skipped="0" failed="0" total="1" passed="1">
  <reporter-output>
  </reporter-output>
  <suite name="Suite" duration-ms="122086" started-at="2019-03-25T12:38:11Z" finished-at="2019-03-25T12:40:13Z">
    <groups>
    </groups>
    <test name="Test" duration-ms="122086" started-at="2019-03-25T12:38:11Z" finished-at="2019-03-25T12:40:13Z">
      <class name="com.Flipkart.Test.SearchAndAddToBagScript">
        <test-method status="PASS" signature="initialization(java.lang.String)[pri:0, instance:com.Flipkart.Test.SearchAndAddToBagScript@51565ec2]" name="initialization" is-config="true" duration-ms="45221" started-at="2019-03-25T06:38:11Z" finished-at="2019-03-25T06:38:56Z">
          <params>
            <param index="0">
              <value>
                <![CDATA[chrome]]>
              </value>
            </param>
          </params>
          <reporter-output>
          </reporter-output>
        </test-method> <!-- initialization -->
        <test-method status="PASS" signature="TC_01()[pri:0, instance:com.Flipkart.Test.SearchAndAddToBagScript@51565ec2]" name="TC_01" duration-ms="76852" started-at="2019-03-25T06:38:56Z" finished-at="2019-03-25T06:40:13Z">
          <reporter-output>
          </reporter-output>
        </test-method> <!-- TC_01 -->
      </class> <!-- com.Flipkart.Test.SearchAndAddToBagScript -->
    </test> <!-- Test -->
  </suite> <!-- Suite -->
</testng-results>
